2025-04-06 16:45:37,313 - INFO - Running with config: analysis:
  layer_end: 32
  layer_start: 0
  token_end: 10000
  token_start: 1
dataset:
  name: squad
  sample_size: 100
generation:
  max_new_tokens: 200
matrix:
  num_experts: 8
  num_layers: 32
model:
  device: cuda
  name: /mnt/hwfile/trustai/share/models/mistralai/Mixtral-8x7B-Instruct-v0.1
  type: Mixtral
output:
  dir: /mnt/petrelfs/liuxinmin/moe/results_temp/figures

2025-04-06 16:57:35,857 - INFO - Saved Expert Activation Heatmap to /mnt/petrelfs/liuxinmin/moe/results_temp/figures/mixtral-8x7b-instruct-v0.1/squad/Request_level
2025-04-06 16:57:36,486 - INFO - Saved Layer Top_sum Average to /mnt/petrelfs/liuxinmin/moe/results_temp/figures/mixtral-8x7b-instruct-v0.1/squad/Sequence_level
2025-04-06 16:57:37,104 - INFO - Saved Cache Hit Rate to /mnt/petrelfs/liuxinmin/moe/results_temp/figures/mixtral-8x7b-instruct-v0.1/squad/Cache_hit
2025-04-06 16:57:39,637 - INFO - Saved Cosine Similarity plot to /mnt/petrelfs/liuxinmin/moe/results_temp/figures/mixtral-8x7b-instruct-v0.1/squad/Token_level
