2025-04-02 02:08:03,566 - INFO - Running with config: analysis:
  layer_end: 32
  layer_start: 0
  token_end: 10000
  token_start: 1
dataset:
  name: squad
  sample_size: 100
generation:
  max_new_tokens: 200
matrix:
  num_experts: 16
  num_layers: 32
model:
  device: cuda
  name: /home/pairshoe/lxm/models/Phi_3_5_MoE_instruct
  type: PhiMoE
output:
  dir: /home/pairshoe/lxm/results_temp/figures

2025-04-02 02:26:19,291 - INFO - Saved Expert Activation Heatmap to /home/pairshoe/lxm/results_temp/figures/phi_3_5_moe_instruct/squad/Request_level
2025-04-02 02:26:20,135 - INFO - Saved Cache Hit Rate to /home/pairshoe/lxm/results_temp/figures/phi_3_5_moe_instruct/squad/Cache_hit
2025-04-02 02:26:22,331 - INFO - Saved Cosine Similarity plot to /home/pairshoe/lxm/results_temp/figures/phi_3_5_moe_instruct/squad/Token_level
2025-04-02 02:43:12,494 - INFO - Saved activation matrix to /home/pairshoe/lxm/results_temp/figures/phi_3_5_moe_instruct/squad/Sequence_level
