2025-04-06 15:09:52,176 - INFO - Running with config: analysis:
  layer_end: 32
  layer_start: 0
  token_end: 10000
  token_start: 1
dataset:
  name: alpaca-zh
  sample_size: 100
generation:
  max_new_tokens: 200
matrix:
  num_experts: 8
  num_layers: 32
model:
  device: cuda
  name: /mnt/hwfile/trustai/share/models/mistralai/Mixtral-8x7B-Instruct-v0.1
  type: Mixtral
output:
  dir: /mnt/petrelfs/liuxinmin/moe/results_temp/figures

2025-04-06 15:42:00,590 - INFO - Saved Expert Activation Heatmap to /mnt/petrelfs/liuxinmin/moe/results_temp/figures/mixtral-8x7b-instruct-v0.1/alpaca-zh/Request_level
2025-04-06 15:42:01,236 - INFO - Saved Layer Top_sum Average to /mnt/petrelfs/liuxinmin/moe/results_temp/figures/mixtral-8x7b-instruct-v0.1/alpaca-zh/Sequence_level
2025-04-06 15:42:01,873 - INFO - Saved Cache Hit Rate to /mnt/petrelfs/liuxinmin/moe/results_temp/figures/mixtral-8x7b-instruct-v0.1/alpaca-zh/Cache_hit
2025-04-06 15:42:07,053 - INFO - Saved Cosine Similarity plot to /mnt/petrelfs/liuxinmin/moe/results_temp/figures/mixtral-8x7b-instruct-v0.1/alpaca-zh/Token_level
2025-04-06 20:40:50,906 - INFO - Running with config: analysis:
  layer_end: 32
  layer_start: 0
  token_end: 10000
  token_start: 1
dataset:
  name: alpaca-zh
  sample_size: 100
generation:
  max_new_tokens: 200
matrix:
  num_experts: 8
  num_layers: 32
model:
  device: cuda
  name: /mnt/hwfile/trustai/share/models/mistralai/Mixtral-8x7B-Instruct-v0.1
  type: Mixtral
output:
  dir: /mnt/petrelfs/liuxinmin/moe/results_temp/figures

2025-04-06 21:15:57,479 - INFO - Saved Expert Activation Heatmap to /mnt/petrelfs/liuxinmin/moe/results_temp/figures/mixtral-8x7b-instruct-v0.1/alpaca-zh/Request_level
2025-04-06 21:15:58,082 - INFO - Saved Layer Top_sum Average to /mnt/petrelfs/liuxinmin/moe/results_temp/figures/mixtral-8x7b-instruct-v0.1/alpaca-zh/Sequence_level
2025-04-06 21:15:58,696 - INFO - Saved Cache Hit Rate to /mnt/petrelfs/liuxinmin/moe/results_temp/figures/mixtral-8x7b-instruct-v0.1/alpaca-zh/Cache_hit
2025-04-06 21:16:04,456 - INFO - Saved Cosine Similarity plot to /mnt/petrelfs/liuxinmin/moe/results_temp/figures/mixtral-8x7b-instruct-v0.1/alpaca-zh/Token_level
