2025-04-02 00:38:48,367 - INFO - Running with config: analysis:
  layer_end: 32
  layer_start: 0
  token_end: 10000
  token_start: 1
dataset:
  name: alpaca
  sample_size: 100
generation:
  max_new_tokens: 200
matrix:
  num_experts: 8
  num_layers: 32
model:
  device: cuda
  name: /mnt/hwfile/trustai/share/models/mistralai/Mixtral-8x7B-Instruct-v0.1
  type: Mixtral
output:
  dir: /mnt/petrelfs/liuxinmin/moe/results_temp/figures

2025-04-02 01:09:42,214 - INFO - Saved Expert Activation Heatmap to /mnt/petrelfs/liuxinmin/moe/results_temp/figures/mixtral-8x7b-instruct-v0.1/alpaca/Request_level
2025-04-02 01:09:43,204 - INFO - Saved Cache Hit Rate to /mnt/petrelfs/liuxinmin/moe/results_temp/figures/mixtral-8x7b-instruct-v0.1/alpaca/Cache_hit
2025-04-02 01:09:47,955 - INFO - Saved Cosine Similarity plot to /mnt/petrelfs/liuxinmin/moe/results_temp/figures/mixtral-8x7b-instruct-v0.1/alpaca/Token_level
2025-04-02 01:38:12,429 - INFO - Saved activation matrix to /mnt/petrelfs/liuxinmin/moe/results_temp/figures/mixtral-8x7b-instruct-v0.1/alpaca/Sequence_level
