2025-04-02 02:43:19,157 - INFO - Running with config: analysis:
  layer_end: 32
  layer_start: 0
  token_end: 10000
  token_start: 1
dataset:
  name: swag
  sample_size: 100
generation:
  max_new_tokens: 200
matrix:
  num_experts: 16
  num_layers: 32
model:
  device: cuda
  name: /home/pairshoe/lxm/models/Phi_3_5_MoE_instruct
  type: PhiMoE
output:
  dir: /home/pairshoe/lxm/results_temp/figures

2025-04-02 03:15:53,179 - INFO - Saved Expert Activation Heatmap to /home/pairshoe/lxm/results_temp/figures/phi_3_5_moe_instruct/swag/Request_level
2025-04-02 03:15:53,983 - INFO - Saved Cache Hit Rate to /home/pairshoe/lxm/results_temp/figures/phi_3_5_moe_instruct/swag/Cache_hit
2025-04-02 03:15:57,859 - INFO - Saved Cosine Similarity plot to /home/pairshoe/lxm/results_temp/figures/phi_3_5_moe_instruct/swag/Token_level
2025-04-02 03:47:14,729 - INFO - Saved activation matrix to /home/pairshoe/lxm/results_temp/figures/phi_3_5_moe_instruct/swag/Sequence_level
